<?xml version="1.0" encoding="UTF-8"?>
<testng-results skipped="0" failed="0" ignored="0" total="1" passed="1">
  <reporter-output>
  </reporter-output>
  <suite name="test" duration-ms="3950" started-at="2022-01-13T15:13:26 CST" finished-at="2022-01-13T15:13:30 CST">
    <groups>
    </groups>
    <test name="test1" duration-ms="3950" started-at="2022-01-13T15:13:26 CST" finished-at="2022-01-13T15:13:30 CST">
      <class name="com.hellobike.test.testcase.getUseBikePageMinorInfoTest">
        <test-method status="PASS" signature="getUseBikePageMinorInfoTest(com.alibaba.fastjson.JSONObject)[pri:0, instance:com.hellobike.test.testcase.getUseBikePageMinorInfoTest@573f2bb1]" name="getUseBikePageMinorInfoTest" duration-ms="3127" started-at="2022-01-13T15:13:27 CST" data-provider="getUseBikePageMinorInfo_dataProvider" finished-at="2022-01-13T15:13:30 CST">
          <params>
            <param index="0">
              <value>
                <![CDATA[{"lng":"121.364872","orderId":"20220110164216993120042226658","cityCode":"021","authedBike":true,"token":"a30890f23a304223b84930f1927462d7","apiVersion":"6.7.0","__sysTag":"tt-based-4b","adCode":"310112","action":"rent.powerBike.getUseBikePageMinorInfo","userDevice":{"osVersion":"14.7.1","deviceModel":"iPhone12,1","deviceBrand":"Apple"},"useBike110Flag":true,"lat":"31.122991"}]]>
              </value>
            </param>
          </params>
          <reporter-output>
          </reporter-output>
        </test-method> <!-- getUseBikePageMinorInfoTest -->
      </class> <!-- com.hellobike.test.testcase.getUseBikePageMinorInfoTest -->
    </test> <!-- test1 -->
  </suite> <!-- test -->
</testng-results>
